[2025-11-18 03:26:55] laravel.EMERGENCY: Unable to create configured logger. Using emergency logger. {"exception":"[object] (InvalidArgumentException(code: 0): Log [] is not defined. at D:\\Integrasi Aplikasi Enterprise\\library-management\\backend-laravel\\vendor\\laravel\\framework\\src\\Illuminate\\Log\\LogManager.php:222)
[stacktrace]
#0 D:\\Integrasi Aplikasi Enterprise\\library-management\\backend-laravel\\vendor\\laravel\\framework\\src\\Illuminate\\Log\\LogManager.php(138): Illuminate\\Log\\LogManager->resolve(NULL, NULL)
#1 D:\\Integrasi Aplikasi Enterprise\\library-management\\backend-laravel\\vendor\\laravel\\framework\\src\\Illuminate\\Log\\LogManager.php(125): Illuminate\\Log\\LogManager->get(NULL)
#2 D:\\Integrasi Aplikasi Enterprise\\library-management\\backend-laravel\\vendor\\laravel\\framework\\src\\Illuminate\\Log\\LogManager.php(703): Illuminate\\Log\\LogManager->driver()
#3 D:\\Integrasi Aplikasi Enterprise\\library-management\\backend-laravel\\vendor\\laravel\\framework\\src\\Illuminate\\Foundation\\Exceptions\\Handler.php(402): Illuminate\\Log\\LogManager->error('array_merge(): ...', Array)
#4 D:\\Integrasi Aplikasi Enterprise\\library-management\\backend-laravel\\vendor\\laravel\\framework\\src\\Illuminate\\Foundation\\Exceptions\\Handler.php(365): Illuminate\\Foundation\\Exceptions\\Handler->reportThrowable(Object(TypeError))
#5 D:\\Integrasi Aplikasi Enterprise\\library-management\\backend-laravel\\vendor\\laravel\\framework\\src\\Illuminate\\Foundation\\Console\\Kernel.php(620): Illuminate\\Foundation\\Exceptions\\Handler->report(Object(TypeError))
#6 D:\\Integrasi Aplikasi Enterprise\\library-management\\backend-laravel\\vendor\\laravel\\framework\\src\\Illuminate\\Foundation\\Console\\Kernel.php(199): Illuminate\\Foundation\\Console\\Kernel->reportException(Object(TypeError))
#7 Command line code(1): Illuminate\\Foundation\\Console\\Kernel->handle(Object(Symfony\\Component\\Console\\Input\\ArgvInput), Object(Symfony\\Component\\Console\\Output\\ConsoleOutput))
#8 {main}
"} 
[2025-11-18 03:26:55] laravel.ERROR: array_merge(): Argument #2 must be of type array, int given {"exception":"[object] (TypeError(code: 0): array_merge(): Argument #2 must be of type array, int given at D:\\Integrasi Aplikasi Enterprise\\library-management\\backend-laravel\\vendor\\laravel\\framework\\src\\Illuminate\\Foundation\\Bootstrap\\LoadConfiguration.php:118)
[stacktrace]
#0 D:\\Integrasi Aplikasi Enterprise\\library-management\\backend-laravel\\vendor\\laravel\\framework\\src\\Illuminate\\Foundation\\Bootstrap\\LoadConfiguration.php(118): array_merge(Array, 1)
#1 D:\\Integrasi Aplikasi Enterprise\\library-management\\backend-laravel\\vendor\\laravel\\framework\\src\\Illuminate\\Foundation\\Bootstrap\\LoadConfiguration.php(96): Illuminate\\Foundation\\Bootstrap\\LoadConfiguration->loadConfigurationFile(Object(Illuminate\\Config\\Repository), 'cors', 'D:\\\\Integrasi Ap...', Array)
#2 D:\\Integrasi Aplikasi Enterprise\\library-management\\backend-laravel\\vendor\\laravel\\framework\\src\\Illuminate\\Foundation\\Bootstrap\\LoadConfiguration.php(55): Illuminate\\Foundation\\Bootstrap\\LoadConfiguration->loadConfigurationFiles(Object(Illuminate\\Foundation\\Application), Object(Illuminate\\Config\\Repository))
#3 D:\\Integrasi Aplikasi Enterprise\\library-management\\backend-laravel\\vendor\\laravel\\framework\\src\\Illuminate\\Foundation\\Application.php(342): Illuminate\\Foundation\\Bootstrap\\LoadConfiguration->bootstrap(Object(Illuminate\\Foundation\\Application))
#4 D:\\Integrasi Aplikasi Enterprise\\library-management\\backend-laravel\\vendor\\laravel\\framework\\src\\Illuminate\\Foundation\\Console\\Kernel.php(473): Illuminate\\Foundation\\Application->bootstrapWith(Array)
#5 D:\\Integrasi Aplikasi Enterprise\\library-management\\backend-laravel\\vendor\\laravel\\framework\\src\\Illuminate\\Foundation\\Console\\Kernel.php(195): Illuminate\\Foundation\\Console\\Kernel->bootstrap()
#6 Command line code(1): Illuminate\\Foundation\\Console\\Kernel->handle(Object(Symfony\\Component\\Console\\Input\\ArgvInput), Object(Symfony\\Component\\Console\\Output\\ConsoleOutput))
#7 {main}
"} 
[2025-11-18 03:27:01] laravel.EMERGENCY: Unable to create configured logger. Using emergency logger. {"exception":"[object] (InvalidArgumentException(code: 0): Log [] is not defined. at D:\\Integrasi Aplikasi Enterprise\\library-management\\backend-laravel\\vendor\\laravel\\framework\\src\\Illuminate\\Log\\LogManager.php:222)
[stacktrace]
#0 D:\\Integrasi Aplikasi Enterprise\\library-management\\backend-laravel\\vendor\\laravel\\framework\\src\\Illuminate\\Log\\LogManager.php(138): Illuminate\\Log\\LogManager->resolve(NULL, NULL)
#1 D:\\Integrasi Aplikasi Enterprise\\library-management\\backend-laravel\\vendor\\laravel\\framework\\src\\Illuminate\\Log\\LogManager.php(125): Illuminate\\Log\\LogManager->get(NULL)
#2 D:\\Integrasi Aplikasi Enterprise\\library-management\\backend-laravel\\vendor\\laravel\\framework\\src\\Illuminate\\Log\\LogManager.php(703): Illuminate\\Log\\LogManager->driver()
#3 D:\\Integrasi Aplikasi Enterprise\\library-management\\backend-laravel\\vendor\\laravel\\framework\\src\\Illuminate\\Foundation\\Exceptions\\Handler.php(402): Illuminate\\Log\\LogManager->error('array_merge(): ...', Array)
#4 D:\\Integrasi Aplikasi Enterprise\\library-management\\backend-laravel\\vendor\\laravel\\framework\\src\\Illuminate\\Foundation\\Exceptions\\Handler.php(365): Illuminate\\Foundation\\Exceptions\\Handler->reportThrowable(Object(TypeError))
#5 D:\\Integrasi Aplikasi Enterprise\\library-management\\backend-laravel\\vendor\\laravel\\framework\\src\\Illuminate\\Foundation\\Console\\Kernel.php(620): Illuminate\\Foundation\\Exceptions\\Handler->report(Object(TypeError))
#6 D:\\Integrasi Aplikasi Enterprise\\library-management\\backend-laravel\\vendor\\laravel\\framework\\src\\Illuminate\\Foundation\\Console\\Kernel.php(199): Illuminate\\Foundation\\Console\\Kernel->reportException(Object(TypeError))
#7 Command line code(1): Illuminate\\Foundation\\Console\\Kernel->handle(Object(Symfony\\Component\\Console\\Input\\ArgvInput), Object(Symfony\\Component\\Console\\Output\\ConsoleOutput))
#8 {main}
"} 
[2025-11-18 03:27:01] laravel.ERROR: array_merge(): Argument #2 must be of type array, int given {"exception":"[object] (TypeError(code: 0): array_merge(): Argument #2 must be of type array, int given at D:\\Integrasi Aplikasi Enterprise\\library-management\\backend-laravel\\vendor\\laravel\\framework\\src\\Illuminate\\Foundation\\Bootstrap\\LoadConfiguration.php:118)
[stacktrace]
#0 D:\\Integrasi Aplikasi Enterprise\\library-management\\backend-laravel\\vendor\\laravel\\framework\\src\\Illuminate\\Foundation\\Bootstrap\\LoadConfiguration.php(118): array_merge(Array, 1)
#1 D:\\Integrasi Aplikasi Enterprise\\library-management\\backend-laravel\\vendor\\laravel\\framework\\src\\Illuminate\\Foundation\\Bootstrap\\LoadConfiguration.php(96): Illuminate\\Foundation\\Bootstrap\\LoadConfiguration->loadConfigurationFile(Object(Illuminate\\Config\\Repository), 'cors', 'D:\\\\Integrasi Ap...', Array)
#2 D:\\Integrasi Aplikasi Enterprise\\library-management\\backend-laravel\\vendor\\laravel\\framework\\src\\Illuminate\\Foundation\\Bootstrap\\LoadConfiguration.php(55): Illuminate\\Foundation\\Bootstrap\\LoadConfiguration->loadConfigurationFiles(Object(Illuminate\\Foundation\\Application), Object(Illuminate\\Config\\Repository))
#3 D:\\Integrasi Aplikasi Enterprise\\library-management\\backend-laravel\\vendor\\laravel\\framework\\src\\Illuminate\\Foundation\\Application.php(342): Illuminate\\Foundation\\Bootstrap\\LoadConfiguration->bootstrap(Object(Illuminate\\Foundation\\Application))
#4 D:\\Integrasi Aplikasi Enterprise\\library-management\\backend-laravel\\vendor\\laravel\\framework\\src\\Illuminate\\Foundation\\Console\\Kernel.php(473): Illuminate\\Foundation\\Application->bootstrapWith(Array)
#5 D:\\Integrasi Aplikasi Enterprise\\library-management\\backend-laravel\\vendor\\laravel\\framework\\src\\Illuminate\\Foundation\\Console\\Kernel.php(195): Illuminate\\Foundation\\Console\\Kernel->bootstrap()
#6 Command line code(1): Illuminate\\Foundation\\Console\\Kernel->handle(Object(Symfony\\Component\\Console\\Input\\ArgvInput), Object(Symfony\\Component\\Console\\Output\\ConsoleOutput))
#7 {main}
"} 
[2025-11-18 03:27:01] laravel.EMERGENCY: Unable to create configured logger. Using emergency logger. {"exception":"[object] (InvalidArgumentException(code: 0): Log [] is not defined. at D:\\Integrasi Aplikasi Enterprise\\library-management\\backend-laravel\\vendor\\laravel\\framework\\src\\Illuminate\\Log\\LogManager.php:222)
[stacktrace]
#0 D:\\Integrasi Aplikasi Enterprise\\library-management\\backend-laravel\\vendor\\laravel\\framework\\src\\Illuminate\\Log\\LogManager.php(138): Illuminate\\Log\\LogManager->resolve(NULL, NULL)
#1 D:\\Integrasi Aplikasi Enterprise\\library-management\\backend-laravel\\vendor\\laravel\\framework\\src\\Illuminate\\Log\\LogManager.php(125): Illuminate\\Log\\LogManager->get(NULL)
#2 D:\\Integrasi Aplikasi Enterprise\\library-management\\backend-laravel\\vendor\\laravel\\framework\\src\\Illuminate\\Log\\LogManager.php(703): Illuminate\\Log\\LogManager->driver()
#3 D:\\Integrasi Aplikasi Enterprise\\library-management\\backend-laravel\\vendor\\laravel\\framework\\src\\Illuminate\\Foundation\\Exceptions\\Handler.php(402): Illuminate\\Log\\LogManager->error('array_merge(): ...', Array)
#4 D:\\Integrasi Aplikasi Enterprise\\library-management\\backend-laravel\\vendor\\laravel\\framework\\src\\Illuminate\\Foundation\\Exceptions\\Handler.php(365): Illuminate\\Foundation\\Exceptions\\Handler->reportThrowable(Object(TypeError))
#5 D:\\Integrasi Aplikasi Enterprise\\library-management\\backend-laravel\\vendor\\laravel\\framework\\src\\Illuminate\\Foundation\\Console\\Kernel.php(620): Illuminate\\Foundation\\Exceptions\\Handler->report(Object(TypeError))
#6 D:\\Integrasi Aplikasi Enterprise\\library-management\\backend-laravel\\vendor\\laravel\\framework\\src\\Illuminate\\Foundation\\Console\\Kernel.php(199): Illuminate\\Foundation\\Console\\Kernel->reportException(Object(TypeError))
#7 Command line code(1): Illuminate\\Foundation\\Console\\Kernel->handle(Object(Symfony\\Component\\Console\\Input\\ArgvInput), Object(Symfony\\Component\\Console\\Output\\ConsoleOutput))
#8 {main}
"} 
[2025-11-18 03:27:01] laravel.ERROR: array_merge(): Argument #2 must be of type array, int given {"exception":"[object] (TypeError(code: 0): array_merge(): Argument #2 must be of type array, int given at D:\\Integrasi Aplikasi Enterprise\\library-management\\backend-laravel\\vendor\\laravel\\framework\\src\\Illuminate\\Foundation\\Bootstrap\\LoadConfiguration.php:118)
[stacktrace]
#0 D:\\Integrasi Aplikasi Enterprise\\library-management\\backend-laravel\\vendor\\laravel\\framework\\src\\Illuminate\\Foundation\\Bootstrap\\LoadConfiguration.php(118): array_merge(Array, 1)
#1 D:\\Integrasi Aplikasi Enterprise\\library-management\\backend-laravel\\vendor\\laravel\\framework\\src\\Illuminate\\Foundation\\Bootstrap\\LoadConfiguration.php(96): Illuminate\\Foundation\\Bootstrap\\LoadConfiguration->loadConfigurationFile(Object(Illuminate\\Config\\Repository), 'cors', 'D:\\\\Integrasi Ap...', Array)
#2 D:\\Integrasi Aplikasi Enterprise\\library-management\\backend-laravel\\vendor\\laravel\\framework\\src\\Illuminate\\Foundation\\Bootstrap\\LoadConfiguration.php(55): Illuminate\\Foundation\\Bootstrap\\LoadConfiguration->loadConfigurationFiles(Object(Illuminate\\Foundation\\Application), Object(Illuminate\\Config\\Repository))
#3 D:\\Integrasi Aplikasi Enterprise\\library-management\\backend-laravel\\vendor\\laravel\\framework\\src\\Illuminate\\Foundation\\Application.php(342): Illuminate\\Foundation\\Bootstrap\\LoadConfiguration->bootstrap(Object(Illuminate\\Foundation\\Application))
#4 D:\\Integrasi Aplikasi Enterprise\\library-management\\backend-laravel\\vendor\\laravel\\framework\\src\\Illuminate\\Foundation\\Console\\Kernel.php(473): Illuminate\\Foundation\\Application->bootstrapWith(Array)
#5 D:\\Integrasi Aplikasi Enterprise\\library-management\\backend-laravel\\vendor\\laravel\\framework\\src\\Illuminate\\Foundation\\Console\\Kernel.php(195): Illuminate\\Foundation\\Console\\Kernel->bootstrap()
#6 Command line code(1): Illuminate\\Foundation\\Console\\Kernel->handle(Object(Symfony\\Component\\Console\\Input\\ArgvInput), Object(Symfony\\Component\\Console\\Output\\ConsoleOutput))
#7 {main}
"} 
[2025-11-18 03:27:16] laravel.EMERGENCY: Unable to create configured logger. Using emergency logger. {"exception":"[object] (InvalidArgumentException(code: 0): Log [] is not defined. at D:\\Integrasi Aplikasi Enterprise\\library-management\\backend-laravel\\vendor\\laravel\\framework\\src\\Illuminate\\Log\\LogManager.php:222)
[stacktrace]
#0 D:\\Integrasi Aplikasi Enterprise\\library-management\\backend-laravel\\vendor\\laravel\\framework\\src\\Illuminate\\Log\\LogManager.php(138): Illuminate\\Log\\LogManager->resolve(NULL, NULL)
#1 D:\\Integrasi Aplikasi Enterprise\\library-management\\backend-laravel\\vendor\\laravel\\framework\\src\\Illuminate\\Log\\LogManager.php(125): Illuminate\\Log\\LogManager->get(NULL)
#2 D:\\Integrasi Aplikasi Enterprise\\library-management\\backend-laravel\\vendor\\laravel\\framework\\src\\Illuminate\\Log\\LogManager.php(703): Illuminate\\Log\\LogManager->driver()
#3 D:\\Integrasi Aplikasi Enterprise\\library-management\\backend-laravel\\vendor\\laravel\\framework\\src\\Illuminate\\Foundation\\Exceptions\\Handler.php(402): Illuminate\\Log\\LogManager->error('Unclosed '[' on...', Array)
#4 D:\\Integrasi Aplikasi Enterprise\\library-management\\backend-laravel\\vendor\\laravel\\framework\\src\\Illuminate\\Foundation\\Exceptions\\Handler.php(365): Illuminate\\Foundation\\Exceptions\\Handler->reportThrowable(Object(ParseError))
#5 D:\\Integrasi Aplikasi Enterprise\\library-management\\backend-laravel\\vendor\\laravel\\framework\\src\\Illuminate\\Foundation\\Console\\Kernel.php(620): Illuminate\\Foundation\\Exceptions\\Handler->report(Object(ParseError))
#6 D:\\Integrasi Aplikasi Enterprise\\library-management\\backend-laravel\\vendor\\laravel\\framework\\src\\Illuminate\\Foundation\\Console\\Kernel.php(199): Illuminate\\Foundation\\Console\\Kernel->reportException(Object(ParseError))
#7 Command line code(1): Illuminate\\Foundation\\Console\\Kernel->handle(Object(Symfony\\Component\\Console\\Input\\ArgvInput), Object(Symfony\\Component\\Console\\Output\\ConsoleOutput))
#8 {main}
"} 
[2025-11-18 03:27:16] laravel.ERROR: Unclosed '[' on line 2 {"exception":"[object] (ParseError(code: 0): Unclosed '[' on line 2 at D:\\Integrasi Aplikasi Enterprise\\library-management\\backend-laravel\\config\\cors.php:24)
[stacktrace]
#0 D:\\Integrasi Aplikasi Enterprise\\library-management\\backend-laravel\\vendor\\laravel\\framework\\src\\Illuminate\\Foundation\\Bootstrap\\LoadConfiguration.php(115): Illuminate\\Foundation\\Bootstrap\\LoadConfiguration->Illuminate\\Foundation\\Bootstrap\\{closure}()
#1 D:\\Integrasi Aplikasi Enterprise\\library-management\\backend-laravel\\vendor\\laravel\\framework\\src\\Illuminate\\Foundation\\Bootstrap\\LoadConfiguration.php(96): Illuminate\\Foundation\\Bootstrap\\LoadConfiguration->loadConfigurationFile(Object(Illuminate\\Config\\Repository), 'cors', 'D:\\\\Integrasi Ap...', Array)
#2 D:\\Integrasi Aplikasi Enterprise\\library-management\\backend-laravel\\vendor\\laravel\\framework\\src\\Illuminate\\Foundation\\Bootstrap\\LoadConfiguration.php(55): Illuminate\\Foundation\\Bootstrap\\LoadConfiguration->loadConfigurationFiles(Object(Illuminate\\Foundation\\Application), Object(Illuminate\\Config\\Repository))
#3 D:\\Integrasi Aplikasi Enterprise\\library-management\\backend-laravel\\vendor\\laravel\\framework\\src\\Illuminate\\Foundation\\Application.php(342): Illuminate\\Foundation\\Bootstrap\\LoadConfiguration->bootstrap(Object(Illuminate\\Foundation\\Application))
#4 D:\\Integrasi Aplikasi Enterprise\\library-management\\backend-laravel\\vendor\\laravel\\framework\\src\\Illuminate\\Foundation\\Console\\Kernel.php(473): Illuminate\\Foundation\\Application->bootstrapWith(Array)
#5 D:\\Integrasi Aplikasi Enterprise\\library-management\\backend-laravel\\vendor\\laravel\\framework\\src\\Illuminate\\Foundation\\Console\\Kernel.php(195): Illuminate\\Foundation\\Console\\Kernel->bootstrap()
#6 Command line code(1): Illuminate\\Foundation\\Console\\Kernel->handle(Object(Symfony\\Component\\Console\\Input\\ArgvInput), Object(Symfony\\Component\\Console\\Output\\ConsoleOutput))
#7 {main}
"} 
[2025-11-18 21:06:43] local.ERROR: SQLSTATE[42S22]: Column not found: 1054 Unknown column 'deskripsi' in 'field list' (Connection: mysql, SQL: insert into `books` (`created_at`, `deskripsi`, `isbn`, `judul`, `jumlah_halaman`, `kategori`, `penerbit`, `pengarang`, `status`, `tahun_terbit`, `updated_at`) values (2025-11-18 21:06:42, Novel tentang perjuangan sekelompok anak miskin di Belitung., 979-3062-79-7, Laskar Pelangi, 529, Fiksi, Bentang Pustaka, Andrea Hirata, Tersedia, 2005, 2025-11-18 21:06:42), (2025-11-18 21:06:42, Novel sejarah tentang kebangkitan nasional Indonesia., 979-9731-23-X, Bumi Manusia, 535, Fiksi, Hasta Mitra, Pramoedya Ananta Toer, Dipinjam, 1980, 2025-11-18 21:06:42), (2025-11-18 21:06:42, Panduan lengkap belajar PHP dari dasar., 978-623-123-456-1, Pemrograman PHP untuk Pemula, 300, Teknologi, Informatika, Budi Raharjo, Tersedia, 2023, 2025-11-18 21:06:42), (2025-11-18 21:06:42, Master framework Laravel untuk pengembangan web modern., 978-623-456-789-2, Laravel Mastery, 450, Teknologi, Tech Publications, John Doe, Tersedia, 2024, 2025-11-18 21:06:42), (2025-11-18 21:06:42, Buku referensi sejarah Indonesia modern., 979-420-084-7, Sejarah Indonesia Modern, 600, Sejarah, Gadjah Mada University Press, M.C. Ricklefs, Tersedia, 2008, 2025-11-18 21:06:42)) {"exception":"[object] (Illuminate\\Database\\QueryException(code: 42S22): SQLSTATE[42S22]: Column not found: 1054 Unknown column 'deskripsi' in 'field list' (Connection: mysql, SQL: insert into `books` (`created_at`, `deskripsi`, `isbn`, `judul`, `jumlah_halaman`, `kategori`, `penerbit`, `pengarang`, `status`, `tahun_terbit`, `updated_at`) values (2025-11-18 21:06:42, Novel tentang perjuangan sekelompok anak miskin di Belitung., 979-3062-79-7, Laskar Pelangi, 529, Fiksi, Bentang Pustaka, Andrea Hirata, Tersedia, 2005, 2025-11-18 21:06:42), (2025-11-18 21:06:42, Novel sejarah tentang kebangkitan nasional Indonesia., 979-9731-23-X, Bumi Manusia, 535, Fiksi, Hasta Mitra, Pramoedya Ananta Toer, Dipinjam, 1980, 2025-11-18 21:06:42), (2025-11-18 21:06:42, Panduan lengkap belajar PHP dari dasar., 978-623-123-456-1, Pemrograman PHP untuk Pemula, 300, Teknologi, Informatika, Budi Raharjo, Tersedia, 2023, 2025-11-18 21:06:42), (2025-11-18 21:06:42, Master framework Laravel untuk pengembangan web modern., 978-623-456-789-2, Laravel Mastery, 450, Teknologi, Tech Publications, John Doe, Tersedia, 2024, 2025-11-18 21:06:42), (2025-11-18 21:06:42, Buku referensi sejarah Indonesia modern., 979-420-084-7, Sejarah Indonesia Modern, 600, Sejarah, Gadjah Mada University Press, M.C. Ricklefs, Tersedia, 2008, 2025-11-18 21:06:42)) at D:\\Integrasi Aplikasi Enterprise\\library-management\\backend-laravel\\vendor\\laravel\\framework\\src\\Illuminate\\Database\\Connection.php:824)
[stacktrace]
#0 D:\\Integrasi Aplikasi Enterprise\\library-management\\backend-laravel\\vendor\\laravel\\framework\\src\\Illuminate\\Database\\Connection.php(778): Illuminate\\Database\\Connection->runQueryCallback('insert into `bo...', Array, Object(Closure))
#1 D:\\Integrasi Aplikasi Enterprise\\library-management\\backend-laravel\\vendor\\laravel\\framework\\src\\Illuminate\\Database\\MySqlConnection.php(42): Illuminate\\Database\\Connection->run('insert into `bo...', Array, Object(Closure))
#2 D:\\Integrasi Aplikasi Enterprise\\library-management\\backend-laravel\\vendor\\laravel\\framework\\src\\Illuminate\\Database\\Query\\Builder.php(3804): Illuminate\\Database\\MySqlConnection->insert('insert into `bo...', Array)
#3 D:\\Integrasi Aplikasi Enterprise\\library-management\\backend-laravel\\database\\seeders\\DatabaseSeeder.php(86): Illuminate\\Database\\Query\\Builder->insert(Array)
#4 D:\\Integrasi Aplikasi Enterprise\\library-management\\backend-laravel\\vendor\\laravel\\framework\\src\\Illuminate\\Container\\BoundMethod.php(36): Database\\Seeders\\DatabaseSeeder->run()
#5 D:\\Integrasi Aplikasi Enterprise\\library-management\\backend-laravel\\vendor\\laravel\\framework\\src\\Illuminate\\Container\\Util.php(43): Illuminate\\Container\\BoundMethod::Illuminate\\Container\\{closure}()
#6 D:\\Integrasi Aplikasi Enterprise\\library-management\\backend-laravel\\vendor\\laravel\\framework\\src\\Illuminate\\Container\\BoundMethod.php(96): Illuminate\\Container\\Util::unwrapIfClosure(Object(Closure))
#7 D:\\Integrasi Aplikasi Enterprise\\library-management\\backend-laravel\\vendor\\laravel\\framework\\src\\Illuminate\\Container\\BoundMethod.php(35): Illuminate\\Container\\BoundMethod::callBoundMethod(Object(Illuminate\\Foundation\\Application), Array, Object(Closure))
#8 D:\\Integrasi Aplikasi Enterprise\\library-management\\backend-laravel\\vendor\\laravel\\framework\\src\\Illuminate\\Container\\Container.php(836): Illuminate\\Container\\BoundMethod::call(Object(Illuminate\\Foundation\\Application), Array, Array, NULL)
#9 D:\\Integrasi Aplikasi Enterprise\\library-management\\backend-laravel\\vendor\\laravel\\framework\\src\\Illuminate\\Database\\Seeder.php(184): Illuminate\\Container\\Container->call(Array, Array)
#10 D:\\Integrasi Aplikasi Enterprise\\library-management\\backend-laravel\\vendor\\laravel\\framework\\src\\Illuminate\\Database\\Seeder.php(193): Illuminate\\Database\\Seeder->Illuminate\\Database\\{closure}()
#11 D:\\Integrasi Aplikasi Enterprise\\library-management\\backend-laravel\\vendor\\laravel\\framework\\src\\Illuminate\\Database\\Console\\Seeds\\SeedCommand.php(71): Illuminate\\Database\\Seeder->__invoke()
#12 D:\\Integrasi Aplikasi Enterprise\\library-management\\backend-laravel\\vendor\\laravel\\framework\\src\\Illuminate\\Database\\Eloquent\\Concerns\\GuardsAttributes.php(157): Illuminate\\Database\\Console\\Seeds\\SeedCommand->Illuminate\\Database\\Console\\Seeds\\{closure}()
#13 D:\\Integrasi Aplikasi Enterprise\\library-management\\backend-laravel\\vendor\\laravel\\framework\\src\\Illuminate\\Database\\Console\\Seeds\\SeedCommand.php(70): Illuminate\\Database\\Eloquent\\Model::unguarded(Object(Closure))
#14 D:\\Integrasi Aplikasi Enterprise\\library-management\\backend-laravel\\vendor\\laravel\\framework\\src\\Illuminate\\Container\\BoundMethod.php(36): Illuminate\\Database\\Console\\Seeds\\SeedCommand->handle()
#15 D:\\Integrasi Aplikasi Enterprise\\library-management\\backend-laravel\\vendor\\laravel\\framework\\src\\Illuminate\\Container\\Util.php(43): Illuminate\\Container\\BoundMethod::Illuminate\\Container\\{closure}()
#16 D:\\Integrasi Aplikasi Enterprise\\library-management\\backend-laravel\\vendor\\laravel\\framework\\src\\Illuminate\\Container\\BoundMethod.php(96): Illuminate\\Container\\Util::unwrapIfClosure(Object(Closure))
#17 D:\\Integrasi Aplikasi Enterprise\\library-management\\backend-laravel\\vendor\\laravel\\framework\\src\\Illuminate\\Container\\BoundMethod.php(35): Illuminate\\Container\\BoundMethod::callBoundMethod(Object(Illuminate\\Foundation\\Application), Array, Object(Closure))
#18 D:\\Integrasi Aplikasi Enterprise\\library-management\\backend-laravel\\vendor\\laravel\\framework\\src\\Illuminate\\Container\\Container.php(836): Illuminate\\Container\\BoundMethod::call(Object(Illuminate\\Foundation\\Application), Array, Array, NULL)
#19 D:\\Integrasi Aplikasi Enterprise\\library-management\\backend-laravel\\vendor\\laravel\\framework\\src\\Illuminate\\Console\\Command.php(211): Illuminate\\Container\\Container->call(Array)
#20 D:\\Integrasi Aplikasi Enterprise\\library-management\\backend-laravel\\vendor\\symfony\\console\\Command\\Command.php(318): Illuminate\\Console\\Command->execute(Object(Symfony\\Component\\Console\\Input\\ArgvInput), Object(Illuminate\\Console\\OutputStyle))
#21 D:\\Integrasi Aplikasi Enterprise\\library-management\\backend-laravel\\vendor\\laravel\\framework\\src\\Illuminate\\Console\\Command.php(180): Symfony\\Component\\Console\\Command\\Command->run(Object(Symfony\\Component\\Console\\Input\\ArgvInput), Object(Illuminate\\Console\\OutputStyle))
#22 D:\\Integrasi Aplikasi Enterprise\\library-management\\backend-laravel\\vendor\\symfony\\console\\Application.php(1073): Illuminate\\Console\\Command->run(Object(Symfony\\Component\\Console\\Input\\ArgvInput), Object(Symfony\\Component\\Console\\Output\\ConsoleOutput))
#23 D:\\Integrasi Aplikasi Enterprise\\library-management\\backend-laravel\\vendor\\symfony\\console\\Application.php(356): Symfony\\Component\\Console\\Application->doRunCommand(Object(Illuminate\\Database\\Console\\Seeds\\SeedCommand), Object(Symfony\\Component\\Console\\Input\\ArgvInput), Object(Symfony\\Component\\Console\\Output\\ConsoleOutput))
#24 D:\\Integrasi Aplikasi Enterprise\\library-management\\backend-laravel\\vendor\\symfony\\console\\Application.php(195): Symfony\\Component\\Console\\Application->doRun(Object(Symfony\\Component\\Console\\Input\\ArgvInput), Object(Symfony\\Component\\Console\\Output\\ConsoleOutput))
#25 D:\\Integrasi Aplikasi Enterprise\\library-management\\backend-laravel\\vendor\\laravel\\framework\\src\\Illuminate\\Foundation\\Console\\Kernel.php(197): Symfony\\Component\\Console\\Application->run(Object(Symfony\\Component\\Console\\Input\\ArgvInput), Object(Symfony\\Component\\Console\\Output\\ConsoleOutput))
#26 D:\\Integrasi Aplikasi Enterprise\\library-management\\backend-laravel\\vendor\\laravel\\framework\\src\\Illuminate\\Foundation\\Application.php(1235): Illuminate\\Foundation\\Console\\Kernel->handle(Object(Symfony\\Component\\Console\\Input\\ArgvInput), Object(Symfony\\Component\\Console\\Output\\ConsoleOutput))
#27 D:\\Integrasi Aplikasi Enterprise\\library-management\\backend-laravel\\artisan(16): Illuminate\\Foundation\\Application->handleCommand(Object(Symfony\\Component\\Console\\Input\\ArgvInput))
#28 {main}

[previous exception] [object] (PDOException(code: 42S22): SQLSTATE[42S22]: Column not found: 1054 Unknown column 'deskripsi' in 'field list' at D:\\Integrasi Aplikasi Enterprise\\library-management\\backend-laravel\\vendor\\laravel\\framework\\src\\Illuminate\\Database\\MySqlConnection.php:47)
[stacktrace]
#0 D:\\Integrasi Aplikasi Enterprise\\library-management\\backend-laravel\\vendor\\laravel\\framework\\src\\Illuminate\\Database\\MySqlConnection.php(47): PDO->prepare('insert into `bo...')
#1 D:\\Integrasi Aplikasi Enterprise\\library-management\\backend-laravel\\vendor\\laravel\\framework\\src\\Illuminate\\Database\\Connection.php(811): Illuminate\\Database\\MySqlConnection->Illuminate\\Database\\{closure}('insert into `bo...', Array)
#2 D:\\Integrasi Aplikasi Enterprise\\library-management\\backend-laravel\\vendor\\laravel\\framework\\src\\Illuminate\\Database\\Connection.php(778): Illuminate\\Database\\Connection->runQueryCallback('insert into `bo...', Array, Object(Closure))
#3 D:\\Integrasi Aplikasi Enterprise\\library-management\\backend-laravel\\vendor\\laravel\\framework\\src\\Illuminate\\Database\\MySqlConnection.php(42): Illuminate\\Database\\Connection->run('insert into `bo...', Array, Object(Closure))
#4 D:\\Integrasi Aplikasi Enterprise\\library-management\\backend-laravel\\vendor\\laravel\\framework\\src\\Illuminate\\Database\\Query\\Builder.php(3804): Illuminate\\Database\\MySqlConnection->insert('insert into `bo...', Array)
#5 D:\\Integrasi Aplikasi Enterprise\\library-management\\backend-laravel\\database\\seeders\\DatabaseSeeder.php(86): Illuminate\\Database\\Query\\Builder->insert(Array)
#6 D:\\Integrasi Aplikasi Enterprise\\library-management\\backend-laravel\\vendor\\laravel\\framework\\src\\Illuminate\\Container\\BoundMethod.php(36): Database\\Seeders\\DatabaseSeeder->run()
#7 D:\\Integrasi Aplikasi Enterprise\\library-management\\backend-laravel\\vendor\\laravel\\framework\\src\\Illuminate\\Container\\Util.php(43): Illuminate\\Container\\BoundMethod::Illuminate\\Container\\{closure}()
#8 D:\\Integrasi Aplikasi Enterprise\\library-management\\backend-laravel\\vendor\\laravel\\framework\\src\\Illuminate\\Container\\BoundMethod.php(96): Illuminate\\Container\\Util::unwrapIfClosure(Object(Closure))
#9 D:\\Integrasi Aplikasi Enterprise\\library-management\\backend-laravel\\vendor\\laravel\\framework\\src\\Illuminate\\Container\\BoundMethod.php(35): Illuminate\\Container\\BoundMethod::callBoundMethod(Object(Illuminate\\Foundation\\Application), Array, Object(Closure))
#10 D:\\Integrasi Aplikasi Enterprise\\library-management\\backend-laravel\\vendor\\laravel\\framework\\src\\Illuminate\\Container\\Container.php(836): Illuminate\\Container\\BoundMethod::call(Object(Illuminate\\Foundation\\Application), Array, Array, NULL)
#11 D:\\Integrasi Aplikasi Enterprise\\library-management\\backend-laravel\\vendor\\laravel\\framework\\src\\Illuminate\\Database\\Seeder.php(184): Illuminate\\Container\\Container->call(Array, Array)
#12 D:\\Integrasi Aplikasi Enterprise\\library-management\\backend-laravel\\vendor\\laravel\\framework\\src\\Illuminate\\Database\\Seeder.php(193): Illuminate\\Database\\Seeder->Illuminate\\Database\\{closure}()
#13 D:\\Integrasi Aplikasi Enterprise\\library-management\\backend-laravel\\vendor\\laravel\\framework\\src\\Illuminate\\Database\\Console\\Seeds\\SeedCommand.php(71): Illuminate\\Database\\Seeder->__invoke()
#14 D:\\Integrasi Aplikasi Enterprise\\library-management\\backend-laravel\\vendor\\laravel\\framework\\src\\Illuminate\\Database\\Eloquent\\Concerns\\GuardsAttributes.php(157): Illuminate\\Database\\Console\\Seeds\\SeedCommand->Illuminate\\Database\\Console\\Seeds\\{closure}()
#15 D:\\Integrasi Aplikasi Enterprise\\library-management\\backend-laravel\\vendor\\laravel\\framework\\src\\Illuminate\\Database\\Console\\Seeds\\SeedCommand.php(70): Illuminate\\Database\\Eloquent\\Model::unguarded(Object(Closure))
#16 D:\\Integrasi Aplikasi Enterprise\\library-management\\backend-laravel\\vendor\\laravel\\framework\\src\\Illuminate\\Container\\BoundMethod.php(36): Illuminate\\Database\\Console\\Seeds\\SeedCommand->handle()
#17 D:\\Integrasi Aplikasi Enterprise\\library-management\\backend-laravel\\vendor\\laravel\\framework\\src\\Illuminate\\Container\\Util.php(43): Illuminate\\Container\\BoundMethod::Illuminate\\Container\\{closure}()
#18 D:\\Integrasi Aplikasi Enterprise\\library-management\\backend-laravel\\vendor\\laravel\\framework\\src\\Illuminate\\Container\\BoundMethod.php(96): Illuminate\\Container\\Util::unwrapIfClosure(Object(Closure))
#19 D:\\Integrasi Aplikasi Enterprise\\library-management\\backend-laravel\\vendor\\laravel\\framework\\src\\Illuminate\\Container\\BoundMethod.php(35): Illuminate\\Container\\BoundMethod::callBoundMethod(Object(Illuminate\\Foundation\\Application), Array, Object(Closure))
#20 D:\\Integrasi Aplikasi Enterprise\\library-management\\backend-laravel\\vendor\\laravel\\framework\\src\\Illuminate\\Container\\Container.php(836): Illuminate\\Container\\BoundMethod::call(Object(Illuminate\\Foundation\\Application), Array, Array, NULL)
#21 D:\\Integrasi Aplikasi Enterprise\\library-management\\backend-laravel\\vendor\\laravel\\framework\\src\\Illuminate\\Console\\Command.php(211): Illuminate\\Container\\Container->call(Array)
#22 D:\\Integrasi Aplikasi Enterprise\\library-management\\backend-laravel\\vendor\\symfony\\console\\Command\\Command.php(318): Illuminate\\Console\\Command->execute(Object(Symfony\\Component\\Console\\Input\\ArgvInput), Object(Illuminate\\Console\\OutputStyle))
#23 D:\\Integrasi Aplikasi Enterprise\\library-management\\backend-laravel\\vendor\\laravel\\framework\\src\\Illuminate\\Console\\Command.php(180): Symfony\\Component\\Console\\Command\\Command->run(Object(Symfony\\Component\\Console\\Input\\ArgvInput), Object(Illuminate\\Console\\OutputStyle))
#24 D:\\Integrasi Aplikasi Enterprise\\library-management\\backend-laravel\\vendor\\symfony\\console\\Application.php(1073): Illuminate\\Console\\Command->run(Object(Symfony\\Component\\Console\\Input\\ArgvInput), Object(Symfony\\Component\\Console\\Output\\ConsoleOutput))
#25 D:\\Integrasi Aplikasi Enterprise\\library-management\\backend-laravel\\vendor\\symfony\\console\\Application.php(356): Symfony\\Component\\Console\\Application->doRunCommand(Object(Illuminate\\Database\\Console\\Seeds\\SeedCommand), Object(Symfony\\Component\\Console\\Input\\ArgvInput), Object(Symfony\\Component\\Console\\Output\\ConsoleOutput))
#26 D:\\Integrasi Aplikasi Enterprise\\library-management\\backend-laravel\\vendor\\symfony\\console\\Application.php(195): Symfony\\Component\\Console\\Application->doRun(Object(Symfony\\Component\\Console\\Input\\ArgvInput), Object(Symfony\\Component\\Console\\Output\\ConsoleOutput))
#27 D:\\Integrasi Aplikasi Enterprise\\library-management\\backend-laravel\\vendor\\laravel\\framework\\src\\Illuminate\\Foundation\\Console\\Kernel.php(197): Symfony\\Component\\Console\\Application->run(Object(Symfony\\Component\\Console\\Input\\ArgvInput), Object(Symfony\\Component\\Console\\Output\\ConsoleOutput))
#28 D:\\Integrasi Aplikasi Enterprise\\library-management\\backend-laravel\\vendor\\laravel\\framework\\src\\Illuminate\\Foundation\\Application.php(1235): Illuminate\\Foundation\\Console\\Kernel->handle(Object(Symfony\\Component\\Console\\Input\\ArgvInput), Object(Symfony\\Component\\Console\\Output\\ConsoleOutput))
#29 D:\\Integrasi Aplikasi Enterprise\\library-management\\backend-laravel\\artisan(16): Illuminate\\Foundation\\Application->handleCommand(Object(Symfony\\Component\\Console\\Input\\ArgvInput))
#30 {main}
"} 
[2025-11-18 21:08:45] local.ERROR: SQLSTATE[42S01]: Base table or view already exists: 1050 Table 'books' already exists (Connection: mysql, SQL: create table `books` (`id` bigint unsigned not null auto_increment primary key, `judul` varchar(255) not null, `pengarang` varchar(255) not null, `penerbit` varchar(255) not null, `tahun_terbit` int not null, `kategori` varchar(255) not null, `status` enum('Tersedia', 'Dipinjam') not null default 'Tersedia', `isbn` varchar(255) null, `jumlah_halaman` int null, `deskripsi` text null, `created_at` timestamp null, `updated_at` timestamp null) default character set utf8mb4 collate 'utf8mb4_unicode_ci') {"exception":"[object] (Illuminate\\Database\\QueryException(code: 42S01): SQLSTATE[42S01]: Base table or view already exists: 1050 Table 'books' already exists (Connection: mysql, SQL: create table `books` (`id` bigint unsigned not null auto_increment primary key, `judul` varchar(255) not null, `pengarang` varchar(255) not null, `penerbit` varchar(255) not null, `tahun_terbit` int not null, `kategori` varchar(255) not null, `status` enum('Tersedia', 'Dipinjam') not null default 'Tersedia', `isbn` varchar(255) null, `jumlah_halaman` int null, `deskripsi` text null, `created_at` timestamp null, `updated_at` timestamp null) default character set utf8mb4 collate 'utf8mb4_unicode_ci') at D:\\Integrasi Aplikasi Enterprise\\library-management\\backend-laravel\\vendor\\laravel\\framework\\src\\Illuminate\\Database\\Connection.php:824)
[stacktrace]
#0 D:\\Integrasi Aplikasi Enterprise\\library-management\\backend-laravel\\vendor\\laravel\\framework\\src\\Illuminate\\Database\\Connection.php(778): Illuminate\\Database\\Connection->runQueryCallback('create table `b...', Array, Object(Closure))
#1 D:\\Integrasi Aplikasi Enterprise\\library-management\\backend-laravel\\vendor\\laravel\\framework\\src\\Illuminate\\Database\\Connection.php(559): Illuminate\\Database\\Connection->run('create table `b...', Array, Object(Closure))
#2 D:\\Integrasi Aplikasi Enterprise\\library-management\\backend-laravel\\vendor\\laravel\\framework\\src\\Illuminate\\Database\\Schema\\Blueprint.php(121): Illuminate\\Database\\Connection->statement('create table `b...')
#3 D:\\Integrasi Aplikasi Enterprise\\library-management\\backend-laravel\\vendor\\laravel\\framework\\src\\Illuminate\\Database\\Schema\\Builder.php(618): Illuminate\\Database\\Schema\\Blueprint->build()
#4 D:\\Integrasi Aplikasi Enterprise\\library-management\\backend-laravel\\vendor\\laravel\\framework\\src\\Illuminate\\Database\\Schema\\Builder.php(472): Illuminate\\Database\\Schema\\Builder->build(Object(Illuminate\\Database\\Schema\\Blueprint))
#5 D:\\Integrasi Aplikasi Enterprise\\library-management\\backend-laravel\\vendor\\laravel\\framework\\src\\Illuminate\\Support\\Facades\\Facade.php(363): Illuminate\\Database\\Schema\\Builder->create('books', Object(Closure))
#6 D:\\Integrasi Aplikasi Enterprise\\library-management\\backend-laravel\\database\\migrations\\2025_11_18_210822_add_deskripsi_to_books_table.php(11): Illuminate\\Support\\Facades\\Facade::__callStatic('create', Array)
#7 D:\\Integrasi Aplikasi Enterprise\\library-management\\backend-laravel\\vendor\\laravel\\framework\\src\\Illuminate\\Database\\Migrations\\Migrator.php(514): Illuminate\\Database\\Migrations\\Migration@anonymous->up()
#8 D:\\Integrasi Aplikasi Enterprise\\library-management\\backend-laravel\\vendor\\laravel\\framework\\src\\Illuminate\\Database\\Migrations\\Migrator.php(439): Illuminate\\Database\\Migrations\\Migrator->runMethod(Object(Illuminate\\Database\\MySqlConnection), Object(Illuminate\\Database\\Migrations\\Migration@anonymous), 'up')
#9 D:\\Integrasi Aplikasi Enterprise\\library-management\\backend-laravel\\vendor\\laravel\\framework\\src\\Illuminate\\Database\\Migrations\\Migrator.php(448): Illuminate\\Database\\Migrations\\Migrator->Illuminate\\Database\\Migrations\\{closure}()
#10 D:\\Integrasi Aplikasi Enterprise\\library-management\\backend-laravel\\vendor\\laravel\\framework\\src\\Illuminate\\Database\\Migrations\\Migrator.php(250): Illuminate\\Database\\Migrations\\Migrator->runMigration(Object(Illuminate\\Database\\Migrations\\Migration@anonymous), 'up')
#11 D:\\Integrasi Aplikasi Enterprise\\library-management\\backend-laravel\\vendor\\laravel\\framework\\src\\Illuminate\\Console\\View\\Components\\Task.php(41): Illuminate\\Database\\Migrations\\Migrator->Illuminate\\Database\\Migrations\\{closure}()
#12 D:\\Integrasi Aplikasi Enterprise\\library-management\\backend-laravel\\vendor\\laravel\\framework\\src\\Illuminate\\Database\\Migrations\\Migrator.php(809): Illuminate\\Console\\View\\Components\\Task->render('2025_11_18_2108...', Object(Closure))
#13 D:\\Integrasi Aplikasi Enterprise\\library-management\\backend-laravel\\vendor\\laravel\\framework\\src\\Illuminate\\Database\\Migrations\\Migrator.php(250): Illuminate\\Database\\Migrations\\Migrator->write('Illuminate\\\\Cons...', '2025_11_18_2108...', Object(Closure))
#14 D:\\Integrasi Aplikasi Enterprise\\library-management\\backend-laravel\\vendor\\laravel\\framework\\src\\Illuminate\\Database\\Migrations\\Migrator.php(210): Illuminate\\Database\\Migrations\\Migrator->runUp('D:\\\\Integrasi Ap...', 2, false)
#15 D:\\Integrasi Aplikasi Enterprise\\library-management\\backend-laravel\\vendor\\laravel\\framework\\src\\Illuminate\\Database\\Migrations\\Migrator.php(137): Illuminate\\Database\\Migrations\\Migrator->runPending(Array, Array)
#16 D:\\Integrasi Aplikasi Enterprise\\library-management\\backend-laravel\\vendor\\laravel\\framework\\src\\Illuminate\\Database\\Console\\Migrations\\MigrateCommand.php(116): Illuminate\\Database\\Migrations\\Migrator->run(Array, Array)
#17 D:\\Integrasi Aplikasi Enterprise\\library-management\\backend-laravel\\vendor\\laravel\\framework\\src\\Illuminate\\Database\\Migrations\\Migrator.php(666): Illuminate\\Database\\Console\\Migrations\\MigrateCommand->Illuminate\\Database\\Console\\Migrations\\{closure}()
#18 D:\\Integrasi Aplikasi Enterprise\\library-management\\backend-laravel\\vendor\\laravel\\framework\\src\\Illuminate\\Database\\Console\\Migrations\\MigrateCommand.php(109): Illuminate\\Database\\Migrations\\Migrator->usingConnection(NULL, Object(Closure))
#19 D:\\Integrasi Aplikasi Enterprise\\library-management\\backend-laravel\\vendor\\laravel\\framework\\src\\Illuminate\\Database\\Console\\Migrations\\MigrateCommand.php(88): Illuminate\\Database\\Console\\Migrations\\MigrateCommand->runMigrations()
#20 D:\\Integrasi Aplikasi Enterprise\\library-management\\backend-laravel\\vendor\\laravel\\framework\\src\\Illuminate\\Container\\BoundMethod.php(36): Illuminate\\Database\\Console\\Migrations\\MigrateCommand->handle()
#21 D:\\Integrasi Aplikasi Enterprise\\library-management\\backend-laravel\\vendor\\laravel\\framework\\src\\Illuminate\\Container\\Util.php(43): Illuminate\\Container\\BoundMethod::Illuminate\\Container\\{closure}()
#22 D:\\Integrasi Aplikasi Enterprise\\library-management\\backend-laravel\\vendor\\laravel\\framework\\src\\Illuminate\\Container\\BoundMethod.php(96): Illuminate\\Container\\Util::unwrapIfClosure(Object(Closure))
#23 D:\\Integrasi Aplikasi Enterprise\\library-management\\backend-laravel\\vendor\\laravel\\framework\\src\\Illuminate\\Container\\BoundMethod.php(35): Illuminate\\Container\\BoundMethod::callBoundMethod(Object(Illuminate\\Foundation\\Application), Array, Object(Closure))
#24 D:\\Integrasi Aplikasi Enterprise\\library-management\\backend-laravel\\vendor\\laravel\\framework\\src\\Illuminate\\Container\\Container.php(836): Illuminate\\Container\\BoundMethod::call(Object(Illuminate\\Foundation\\Application), Array, Array, NULL)
#25 D:\\Integrasi Aplikasi Enterprise\\library-management\\backend-laravel\\vendor\\laravel\\framework\\src\\Illuminate\\Console\\Command.php(211): Illuminate\\Container\\Container->call(Array)
#26 D:\\Integrasi Aplikasi Enterprise\\library-management\\backend-laravel\\vendor\\symfony\\console\\Command\\Command.php(318): Illuminate\\Console\\Command->execute(Object(Symfony\\Component\\Console\\Input\\ArgvInput), Object(Illuminate\\Console\\OutputStyle))
#27 D:\\Integrasi Aplikasi Enterprise\\library-management\\backend-laravel\\vendor\\laravel\\framework\\src\\Illuminate\\Console\\Command.php(180): Symfony\\Component\\Console\\Command\\Command->run(Object(Symfony\\Component\\Console\\Input\\ArgvInput), Object(Illuminate\\Console\\OutputStyle))
#28 D:\\Integrasi Aplikasi Enterprise\\library-management\\backend-laravel\\vendor\\symfony\\console\\Application.php(1073): Illuminate\\Console\\Command->run(Object(Symfony\\Component\\Console\\Input\\ArgvInput), Object(Symfony\\Component\\Console\\Output\\ConsoleOutput))
#29 D:\\Integrasi Aplikasi Enterprise\\library-management\\backend-laravel\\vendor\\symfony\\console\\Application.php(356): Symfony\\Component\\Console\\Application->doRunCommand(Object(Illuminate\\Database\\Console\\Migrations\\MigrateCommand), Object(Symfony\\Component\\Console\\Input\\ArgvInput), Object(Symfony\\Component\\Console\\Output\\ConsoleOutput))
#30 D:\\Integrasi Aplikasi Enterprise\\library-management\\backend-laravel\\vendor\\symfony\\console\\Application.php(195): Symfony\\Component\\Console\\Application->doRun(Object(Symfony\\Component\\Console\\Input\\ArgvInput), Object(Symfony\\Component\\Console\\Output\\ConsoleOutput))
#31 D:\\Integrasi Aplikasi Enterprise\\library-management\\backend-laravel\\vendor\\laravel\\framework\\src\\Illuminate\\Foundation\\Console\\Kernel.php(197): Symfony\\Component\\Console\\Application->run(Object(Symfony\\Component\\Console\\Input\\ArgvInput), Object(Symfony\\Component\\Console\\Output\\ConsoleOutput))
#32 D:\\Integrasi Aplikasi Enterprise\\library-management\\backend-laravel\\vendor\\laravel\\framework\\src\\Illuminate\\Foundation\\Application.php(1235): Illuminate\\Foundation\\Console\\Kernel->handle(Object(Symfony\\Component\\Console\\Input\\ArgvInput), Object(Symfony\\Component\\Console\\Output\\ConsoleOutput))
#33 D:\\Integrasi Aplikasi Enterprise\\library-management\\backend-laravel\\artisan(16): Illuminate\\Foundation\\Application->handleCommand(Object(Symfony\\Component\\Console\\Input\\ArgvInput))
#34 {main}

[previous exception] [object] (PDOException(code: 42S01): SQLSTATE[42S01]: Base table or view already exists: 1050 Table 'books' already exists at D:\\Integrasi Aplikasi Enterprise\\library-management\\backend-laravel\\vendor\\laravel\\framework\\src\\Illuminate\\Database\\Connection.php:570)
[stacktrace]
#0 D:\\Integrasi Aplikasi Enterprise\\library-management\\backend-laravel\\vendor\\laravel\\framework\\src\\Illuminate\\Database\\Connection.php(570): PDOStatement->execute()
#1 D:\\Integrasi Aplikasi Enterprise\\library-management\\backend-laravel\\vendor\\laravel\\framework\\src\\Illuminate\\Database\\Connection.php(811): Illuminate\\Database\\Connection->Illuminate\\Database\\{closure}('create table `b...', Array)
#2 D:\\Integrasi Aplikasi Enterprise\\library-management\\backend-laravel\\vendor\\laravel\\framework\\src\\Illuminate\\Database\\Connection.php(778): Illuminate\\Database\\Connection->runQueryCallback('create table `b...', Array, Object(Closure))
#3 D:\\Integrasi Aplikasi Enterprise\\library-management\\backend-laravel\\vendor\\laravel\\framework\\src\\Illuminate\\Database\\Connection.php(559): Illuminate\\Database\\Connection->run('create table `b...', Array, Object(Closure))
#4 D:\\Integrasi Aplikasi Enterprise\\library-management\\backend-laravel\\vendor\\laravel\\framework\\src\\Illuminate\\Database\\Schema\\Blueprint.php(121): Illuminate\\Database\\Connection->statement('create table `b...')
#5 D:\\Integrasi Aplikasi Enterprise\\library-management\\backend-laravel\\vendor\\laravel\\framework\\src\\Illuminate\\Database\\Schema\\Builder.php(618): Illuminate\\Database\\Schema\\Blueprint->build()
#6 D:\\Integrasi Aplikasi Enterprise\\library-management\\backend-laravel\\vendor\\laravel\\framework\\src\\Illuminate\\Database\\Schema\\Builder.php(472): Illuminate\\Database\\Schema\\Builder->build(Object(Illuminate\\Database\\Schema\\Blueprint))
#7 D:\\Integrasi Aplikasi Enterprise\\library-management\\backend-laravel\\vendor\\laravel\\framework\\src\\Illuminate\\Support\\Facades\\Facade.php(363): Illuminate\\Database\\Schema\\Builder->create('books', Object(Closure))
#8 D:\\Integrasi Aplikasi Enterprise\\library-management\\backend-laravel\\database\\migrations\\2025_11_18_210822_add_deskripsi_to_books_table.php(11): Illuminate\\Support\\Facades\\Facade::__callStatic('create', Array)
#9 D:\\Integrasi Aplikasi Enterprise\\library-management\\backend-laravel\\vendor\\laravel\\framework\\src\\Illuminate\\Database\\Migrations\\Migrator.php(514): Illuminate\\Database\\Migrations\\Migration@anonymous->up()
#10 D:\\Integrasi Aplikasi Enterprise\\library-management\\backend-laravel\\vendor\\laravel\\framework\\src\\Illuminate\\Database\\Migrations\\Migrator.php(439): Illuminate\\Database\\Migrations\\Migrator->runMethod(Object(Illuminate\\Database\\MySqlConnection), Object(Illuminate\\Database\\Migrations\\Migration@anonymous), 'up')
#11 D:\\Integrasi Aplikasi Enterprise\\library-management\\backend-laravel\\vendor\\laravel\\framework\\src\\Illuminate\\Database\\Migrations\\Migrator.php(448): Illuminate\\Database\\Migrations\\Migrator->Illuminate\\Database\\Migrations\\{closure}()
#12 D:\\Integrasi Aplikasi Enterprise\\library-management\\backend-laravel\\vendor\\laravel\\framework\\src\\Illuminate\\Database\\Migrations\\Migrator.php(250): Illuminate\\Database\\Migrations\\Migrator->runMigration(Object(Illuminate\\Database\\Migrations\\Migration@anonymous), 'up')
#13 D:\\Integrasi Aplikasi Enterprise\\library-management\\backend-laravel\\vendor\\laravel\\framework\\src\\Illuminate\\Console\\View\\Components\\Task.php(41): Illuminate\\Database\\Migrations\\Migrator->Illuminate\\Database\\Migrations\\{closure}()
#14 D:\\Integrasi Aplikasi Enterprise\\library-management\\backend-laravel\\vendor\\laravel\\framework\\src\\Illuminate\\Database\\Migrations\\Migrator.php(809): Illuminate\\Console\\View\\Components\\Task->render('2025_11_18_2108...', Object(Closure))
#15 D:\\Integrasi Aplikasi Enterprise\\library-management\\backend-laravel\\vendor\\laravel\\framework\\src\\Illuminate\\Database\\Migrations\\Migrator.php(250): Illuminate\\Database\\Migrations\\Migrator->write('Illuminate\\\\Cons...', '2025_11_18_2108...', Object(Closure))
#16 D:\\Integrasi Aplikasi Enterprise\\library-management\\backend-laravel\\vendor\\laravel\\framework\\src\\Illuminate\\Database\\Migrations\\Migrator.php(210): Illuminate\\Database\\Migrations\\Migrator->runUp('D:\\\\Integrasi Ap...', 2, false)
#17 D:\\Integrasi Aplikasi Enterprise\\library-management\\backend-laravel\\vendor\\laravel\\framework\\src\\Illuminate\\Database\\Migrations\\Migrator.php(137): Illuminate\\Database\\Migrations\\Migrator->runPending(Array, Array)
#18 D:\\Integrasi Aplikasi Enterprise\\library-management\\backend-laravel\\vendor\\laravel\\framework\\src\\Illuminate\\Database\\Console\\Migrations\\MigrateCommand.php(116): Illuminate\\Database\\Migrations\\Migrator->run(Array, Array)
#19 D:\\Integrasi Aplikasi Enterprise\\library-management\\backend-laravel\\vendor\\laravel\\framework\\src\\Illuminate\\Database\\Migrations\\Migrator.php(666): Illuminate\\Database\\Console\\Migrations\\MigrateCommand->Illuminate\\Database\\Console\\Migrations\\{closure}()
#20 D:\\Integrasi Aplikasi Enterprise\\library-management\\backend-laravel\\vendor\\laravel\\framework\\src\\Illuminate\\Database\\Console\\Migrations\\MigrateCommand.php(109): Illuminate\\Database\\Migrations\\Migrator->usingConnection(NULL, Object(Closure))
#21 D:\\Integrasi Aplikasi Enterprise\\library-management\\backend-laravel\\vendor\\laravel\\framework\\src\\Illuminate\\Database\\Console\\Migrations\\MigrateCommand.php(88): Illuminate\\Database\\Console\\Migrations\\MigrateCommand->runMigrations()
#22 D:\\Integrasi Aplikasi Enterprise\\library-management\\backend-laravel\\vendor\\laravel\\framework\\src\\Illuminate\\Container\\BoundMethod.php(36): Illuminate\\Database\\Console\\Migrations\\MigrateCommand->handle()
#23 D:\\Integrasi Aplikasi Enterprise\\library-management\\backend-laravel\\vendor\\laravel\\framework\\src\\Illuminate\\Container\\Util.php(43): Illuminate\\Container\\BoundMethod::Illuminate\\Container\\{closure}()
#24 D:\\Integrasi Aplikasi Enterprise\\library-management\\backend-laravel\\vendor\\laravel\\framework\\src\\Illuminate\\Container\\BoundMethod.php(96): Illuminate\\Container\\Util::unwrapIfClosure(Object(Closure))
#25 D:\\Integrasi Aplikasi Enterprise\\library-management\\backend-laravel\\vendor\\laravel\\framework\\src\\Illuminate\\Container\\BoundMethod.php(35): Illuminate\\Container\\BoundMethod::callBoundMethod(Object(Illuminate\\Foundation\\Application), Array, Object(Closure))
#26 D:\\Integrasi Aplikasi Enterprise\\library-management\\backend-laravel\\vendor\\laravel\\framework\\src\\Illuminate\\Container\\Container.php(836): Illuminate\\Container\\BoundMethod::call(Object(Illuminate\\Foundation\\Application), Array, Array, NULL)
#27 D:\\Integrasi Aplikasi Enterprise\\library-management\\backend-laravel\\vendor\\laravel\\framework\\src\\Illuminate\\Console\\Command.php(211): Illuminate\\Container\\Container->call(Array)
#28 D:\\Integrasi Aplikasi Enterprise\\library-management\\backend-laravel\\vendor\\symfony\\console\\Command\\Command.php(318): Illuminate\\Console\\Command->execute(Object(Symfony\\Component\\Console\\Input\\ArgvInput), Object(Illuminate\\Console\\OutputStyle))
#29 D:\\Integrasi Aplikasi Enterprise\\library-management\\backend-laravel\\vendor\\laravel\\framework\\src\\Illuminate\\Console\\Command.php(180): Symfony\\Component\\Console\\Command\\Command->run(Object(Symfony\\Component\\Console\\Input\\ArgvInput), Object(Illuminate\\Console\\OutputStyle))
#30 D:\\Integrasi Aplikasi Enterprise\\library-management\\backend-laravel\\vendor\\symfony\\console\\Application.php(1073): Illuminate\\Console\\Command->run(Object(Symfony\\Component\\Console\\Input\\ArgvInput), Object(Symfony\\Component\\Console\\Output\\ConsoleOutput))
#31 D:\\Integrasi Aplikasi Enterprise\\library-management\\backend-laravel\\vendor\\symfony\\console\\Application.php(356): Symfony\\Component\\Console\\Application->doRunCommand(Object(Illuminate\\Database\\Console\\Migrations\\MigrateCommand), Object(Symfony\\Component\\Console\\Input\\ArgvInput), Object(Symfony\\Component\\Console\\Output\\ConsoleOutput))
#32 D:\\Integrasi Aplikasi Enterprise\\library-management\\backend-laravel\\vendor\\symfony\\console\\Application.php(195): Symfony\\Component\\Console\\Application->doRun(Object(Symfony\\Component\\Console\\Input\\ArgvInput), Object(Symfony\\Component\\Console\\Output\\ConsoleOutput))
#33 D:\\Integrasi Aplikasi Enterprise\\library-management\\backend-laravel\\vendor\\laravel\\framework\\src\\Illuminate\\Foundation\\Console\\Kernel.php(197): Symfony\\Component\\Console\\Application->run(Object(Symfony\\Component\\Console\\Input\\ArgvInput), Object(Symfony\\Component\\Console\\Output\\ConsoleOutput))
#34 D:\\Integrasi Aplikasi Enterprise\\library-management\\backend-laravel\\vendor\\laravel\\framework\\src\\Illuminate\\Foundation\\Application.php(1235): Illuminate\\Foundation\\Console\\Kernel->handle(Object(Symfony\\Component\\Console\\Input\\ArgvInput), Object(Symfony\\Component\\Console\\Output\\ConsoleOutput))
#35 D:\\Integrasi Aplikasi Enterprise\\library-management\\backend-laravel\\artisan(16): Illuminate\\Foundation\\Application->handleCommand(Object(Symfony\\Component\\Console\\Input\\ArgvInput))
#36 {main}
"} 
[2025-11-18 21:42:24] local.INFO: Retrieved books successfully {"count":0} 
[2025-11-18 21:42:24] local.INFO: Retrieved books successfully {"count":0} 
[2025-11-18 21:42:29] local.INFO: Retrieved books successfully {"count":0} 
[2025-11-18 21:42:29] local.INFO: Retrieved books successfully {"count":0} 
[2025-11-18 21:42:35] local.INFO: Retrieved books successfully {"count":0} 
[2025-11-18 21:42:36] local.INFO: Retrieved books successfully {"count":0} 
[2025-11-18 21:42:45] local.INFO: Retrieved books successfully {"count":0} 
[2025-11-18 21:42:54] local.INFO: Retrieved books successfully {"count":0} 
[2025-11-18 21:42:55] local.INFO: Retrieved books successfully {"count":0} 
[2025-11-18 21:43:01] local.INFO: Retrieved books successfully {"count":0} 
[2025-11-18 21:43:02] local.INFO: Retrieved books successfully {"count":0} 
[2025-11-18 21:43:42] local.INFO: Retrieved books successfully {"count":0} 
[2025-11-18 21:43:42] local.INFO: Retrieved books successfully {"count":0} 
[2025-11-18 21:43:58] local.INFO: Retrieved books successfully {"count":0} 
[2025-11-18 21:43:58] local.INFO: Retrieved books successfully {"count":0} 
[2025-11-18 21:44:08] local.INFO: Retrieved books successfully {"count":0} 
[2025-11-18 21:44:08] local.INFO: Retrieved books successfully {"count":0} 
[2025-11-18 21:45:06] local.INFO: Retrieved books successfully {"count":0} 
[2025-11-18 21:47:23] local.ERROR: Unclosed '{' on line 7 {"exception":"[object] (ParseError(code: 0): Unclosed '{' on line 7 at D:\\Integrasi Aplikasi Enterprise\\library-management\\backend-laravel\\routes\\web.php:31)
[stacktrace]
#0 D:\\Integrasi Aplikasi Enterprise\\library-management\\backend-laravel\\vendor\\laravel\\framework\\src\\Illuminate\\Routing\\Router.php(526): Illuminate\\Routing\\RouteFileRegistrar->register('D:\\\\Integrasi Ap...')
#1 D:\\Integrasi Aplikasi Enterprise\\library-management\\backend-laravel\\vendor\\laravel\\framework\\src\\Illuminate\\Routing\\Router.php(480): Illuminate\\Routing\\Router->loadRoutes('D:\\\\Integrasi Ap...')
#2 D:\\Integrasi Aplikasi Enterprise\\library-management\\backend-laravel\\vendor\\laravel\\framework\\src\\Illuminate\\Routing\\RouteRegistrar.php(212): Illuminate\\Routing\\Router->group(Array, 'D:\\\\Integrasi Ap...')
#3 D:\\Integrasi Aplikasi Enterprise\\library-management\\backend-laravel\\vendor\\laravel\\framework\\src\\Illuminate\\Foundation\\Configuration\\ApplicationBuilder.php(248): Illuminate\\Routing\\RouteRegistrar->group('D:\\\\Integrasi Ap...')
#4 D:\\Integrasi Aplikasi Enterprise\\library-management\\backend-laravel\\vendor\\laravel\\framework\\src\\Illuminate\\Container\\BoundMethod.php(36): Illuminate\\Foundation\\Configuration\\ApplicationBuilder->Illuminate\\Foundation\\Configuration\\{closure}()
#5 D:\\Integrasi Aplikasi Enterprise\\library-management\\backend-laravel\\vendor\\laravel\\framework\\src\\Illuminate\\Container\\Util.php(43): Illuminate\\Container\\BoundMethod::Illuminate\\Container\\{closure}()
#6 D:\\Integrasi Aplikasi Enterprise\\library-management\\backend-laravel\\vendor\\laravel\\framework\\src\\Illuminate\\Container\\BoundMethod.php(84): Illuminate\\Container\\Util::unwrapIfClosure(Object(Closure))
#7 D:\\Integrasi Aplikasi Enterprise\\library-management\\backend-laravel\\vendor\\laravel\\framework\\src\\Illuminate\\Container\\BoundMethod.php(35): Illuminate\\Container\\BoundMethod::callBoundMethod(Object(Illuminate\\Foundation\\Application), Object(Closure), Object(Closure))
#8 D:\\Integrasi Aplikasi Enterprise\\library-management\\backend-laravel\\vendor\\laravel\\framework\\src\\Illuminate\\Container\\Container.php(836): Illuminate\\Container\\BoundMethod::call(Object(Illuminate\\Foundation\\Application), Object(Closure), Array, NULL)
#9 D:\\Integrasi Aplikasi Enterprise\\library-management\\backend-laravel\\vendor\\laravel\\framework\\src\\Illuminate\\Foundation\\Support\\Providers\\RouteServiceProvider.php(162): Illuminate\\Container\\Container->call(Object(Closure))
#10 D:\\Integrasi Aplikasi Enterprise\\library-management\\backend-laravel\\vendor\\laravel\\framework\\src\\Illuminate\\Foundation\\Support\\Providers\\RouteServiceProvider.php(59): Illuminate\\Foundation\\Support\\Providers\\RouteServiceProvider->loadRoutes()
#11 D:\\Integrasi Aplikasi Enterprise\\library-management\\backend-laravel\\vendor\\laravel\\framework\\src\\Illuminate\\Container\\BoundMethod.php(36): Illuminate\\Foundation\\Support\\Providers\\RouteServiceProvider->Illuminate\\Foundation\\Support\\Providers\\{closure}()
#12 D:\\Integrasi Aplikasi Enterprise\\library-management\\backend-laravel\\vendor\\laravel\\framework\\src\\Illuminate\\Container\\Util.php(43): Illuminate\\Container\\BoundMethod::Illuminate\\Container\\{closure}()
#13 D:\\Integrasi Aplikasi Enterprise\\library-management\\backend-laravel\\vendor\\laravel\\framework\\src\\Illuminate\\Container\\BoundMethod.php(84): Illuminate\\Container\\Util::unwrapIfClosure(Object(Closure))
#14 D:\\Integrasi Aplikasi Enterprise\\library-management\\backend-laravel\\vendor\\laravel\\framework\\src\\Illuminate\\Container\\BoundMethod.php(35): Illuminate\\Container\\BoundMethod::callBoundMethod(Object(Illuminate\\Foundation\\Application), Object(Closure), Object(Closure))
#15 D:\\Integrasi Aplikasi Enterprise\\library-management\\backend-laravel\\vendor\\laravel\\framework\\src\\Illuminate\\Container\\Container.php(836): Illuminate\\Container\\BoundMethod::call(Object(Illuminate\\Foundation\\Application), Object(Closure), Array, NULL)
#16 D:\\Integrasi Aplikasi Enterprise\\library-management\\backend-laravel\\vendor\\laravel\\framework\\src\\Illuminate\\Support\\ServiceProvider.php(143): Illuminate\\Container\\Container->call(Object(Closure))
#17 D:\\Integrasi Aplikasi Enterprise\\library-management\\backend-laravel\\vendor\\laravel\\framework\\src\\Illuminate\\Foundation\\Application.php(1154): Illuminate\\Support\\ServiceProvider->callBootedCallbacks()
#18 D:\\Integrasi Aplikasi Enterprise\\library-management\\backend-laravel\\vendor\\laravel\\framework\\src\\Illuminate\\Foundation\\Application.php(1132): Illuminate\\Foundation\\Application->bootProvider(Object(Illuminate\\Foundation\\Support\\Providers\\RouteServiceProvider))
#19 [internal function]: Illuminate\\Foundation\\Application->Illuminate\\Foundation\\{closure}(Object(Illuminate\\Foundation\\Support\\Providers\\RouteServiceProvider), 'Illuminate\\\\Foun...')
#20 D:\\Integrasi Aplikasi Enterprise\\library-management\\backend-laravel\\vendor\\laravel\\framework\\src\\Illuminate\\Foundation\\Application.php(1131): array_walk(Array, Object(Closure))
#21 D:\\Integrasi Aplikasi Enterprise\\library-management\\backend-laravel\\vendor\\laravel\\framework\\src\\Illuminate\\Foundation\\Bootstrap\\BootProviders.php(17): Illuminate\\Foundation\\Application->boot()
#22 D:\\Integrasi Aplikasi Enterprise\\library-management\\backend-laravel\\vendor\\laravel\\framework\\src\\Illuminate\\Foundation\\Application.php(342): Illuminate\\Foundation\\Bootstrap\\BootProviders->bootstrap(Object(Illuminate\\Foundation\\Application))
#23 D:\\Integrasi Aplikasi Enterprise\\library-management\\backend-laravel\\vendor\\laravel\\framework\\src\\Illuminate\\Foundation\\Console\\Kernel.php(473): Illuminate\\Foundation\\Application->bootstrapWith(Array)
#24 D:\\Integrasi Aplikasi Enterprise\\library-management\\backend-laravel\\vendor\\laravel\\framework\\src\\Illuminate\\Foundation\\Console\\Kernel.php(195): Illuminate\\Foundation\\Console\\Kernel->bootstrap()
#25 Command line code(1): Illuminate\\Foundation\\Console\\Kernel->handle(Object(Symfony\\Component\\Console\\Input\\ArgvInput), Object(Symfony\\Component\\Console\\Output\\ConsoleOutput))
#26 {main}
"} 
[2025-11-18 21:47:23] local.ERROR: Unclosed '{' on line 7 {"exception":"[object] (ParseError(code: 0): Unclosed '{' on line 7 at D:\\Integrasi Aplikasi Enterprise\\library-management\\backend-laravel\\routes\\web.php:31)
[stacktrace]
#0 D:\\Integrasi Aplikasi Enterprise\\library-management\\backend-laravel\\vendor\\laravel\\framework\\src\\Illuminate\\Routing\\Router.php(526): Illuminate\\Routing\\RouteFileRegistrar->register('D:\\\\Integrasi Ap...')
#1 D:\\Integrasi Aplikasi Enterprise\\library-management\\backend-laravel\\vendor\\laravel\\framework\\src\\Illuminate\\Routing\\Router.php(480): Illuminate\\Routing\\Router->loadRoutes('D:\\\\Integrasi Ap...')
#2 D:\\Integrasi Aplikasi Enterprise\\library-management\\backend-laravel\\vendor\\laravel\\framework\\src\\Illuminate\\Routing\\RouteRegistrar.php(212): Illuminate\\Routing\\Router->group(Array, 'D:\\\\Integrasi Ap...')
#3 D:\\Integrasi Aplikasi Enterprise\\library-management\\backend-laravel\\vendor\\laravel\\framework\\src\\Illuminate\\Foundation\\Configuration\\ApplicationBuilder.php(248): Illuminate\\Routing\\RouteRegistrar->group('D:\\\\Integrasi Ap...')
#4 D:\\Integrasi Aplikasi Enterprise\\library-management\\backend-laravel\\vendor\\laravel\\framework\\src\\Illuminate\\Container\\BoundMethod.php(36): Illuminate\\Foundation\\Configuration\\ApplicationBuilder->Illuminate\\Foundation\\Configuration\\{closure}()
#5 D:\\Integrasi Aplikasi Enterprise\\library-management\\backend-laravel\\vendor\\laravel\\framework\\src\\Illuminate\\Container\\Util.php(43): Illuminate\\Container\\BoundMethod::Illuminate\\Container\\{closure}()
#6 D:\\Integrasi Aplikasi Enterprise\\library-management\\backend-laravel\\vendor\\laravel\\framework\\src\\Illuminate\\Container\\BoundMethod.php(84): Illuminate\\Container\\Util::unwrapIfClosure(Object(Closure))
#7 D:\\Integrasi Aplikasi Enterprise\\library-management\\backend-laravel\\vendor\\laravel\\framework\\src\\Illuminate\\Container\\BoundMethod.php(35): Illuminate\\Container\\BoundMethod::callBoundMethod(Object(Illuminate\\Foundation\\Application), Object(Closure), Object(Closure))
#8 D:\\Integrasi Aplikasi Enterprise\\library-management\\backend-laravel\\vendor\\laravel\\framework\\src\\Illuminate\\Container\\Container.php(836): Illuminate\\Container\\BoundMethod::call(Object(Illuminate\\Foundation\\Application), Object(Closure), Array, NULL)
#9 D:\\Integrasi Aplikasi Enterprise\\library-management\\backend-laravel\\vendor\\laravel\\framework\\src\\Illuminate\\Foundation\\Support\\Providers\\RouteServiceProvider.php(162): Illuminate\\Container\\Container->call(Object(Closure))
#10 D:\\Integrasi Aplikasi Enterprise\\library-management\\backend-laravel\\vendor\\laravel\\framework\\src\\Illuminate\\Foundation\\Support\\Providers\\RouteServiceProvider.php(59): Illuminate\\Foundation\\Support\\Providers\\RouteServiceProvider->loadRoutes()
#11 D:\\Integrasi Aplikasi Enterprise\\library-management\\backend-laravel\\vendor\\laravel\\framework\\src\\Illuminate\\Container\\BoundMethod.php(36): Illuminate\\Foundation\\Support\\Providers\\RouteServiceProvider->Illuminate\\Foundation\\Support\\Providers\\{closure}()
#12 D:\\Integrasi Aplikasi Enterprise\\library-management\\backend-laravel\\vendor\\laravel\\framework\\src\\Illuminate\\Container\\Util.php(43): Illuminate\\Container\\BoundMethod::Illuminate\\Container\\{closure}()
#13 D:\\Integrasi Aplikasi Enterprise\\library-management\\backend-laravel\\vendor\\laravel\\framework\\src\\Illuminate\\Container\\BoundMethod.php(84): Illuminate\\Container\\Util::unwrapIfClosure(Object(Closure))
#14 D:\\Integrasi Aplikasi Enterprise\\library-management\\backend-laravel\\vendor\\laravel\\framework\\src\\Illuminate\\Container\\BoundMethod.php(35): Illuminate\\Container\\BoundMethod::callBoundMethod(Object(Illuminate\\Foundation\\Application), Object(Closure), Object(Closure))
#15 D:\\Integrasi Aplikasi Enterprise\\library-management\\backend-laravel\\vendor\\laravel\\framework\\src\\Illuminate\\Container\\Container.php(836): Illuminate\\Container\\BoundMethod::call(Object(Illuminate\\Foundation\\Application), Object(Closure), Array, NULL)
#16 D:\\Integrasi Aplikasi Enterprise\\library-management\\backend-laravel\\vendor\\laravel\\framework\\src\\Illuminate\\Support\\ServiceProvider.php(143): Illuminate\\Container\\Container->call(Object(Closure))
#17 D:\\Integrasi Aplikasi Enterprise\\library-management\\backend-laravel\\vendor\\laravel\\framework\\src\\Illuminate\\Foundation\\Application.php(1154): Illuminate\\Support\\ServiceProvider->callBootedCallbacks()
#18 D:\\Integrasi Aplikasi Enterprise\\library-management\\backend-laravel\\vendor\\laravel\\framework\\src\\Illuminate\\Foundation\\Application.php(1132): Illuminate\\Foundation\\Application->bootProvider(Object(Illuminate\\Foundation\\Support\\Providers\\RouteServiceProvider))
#19 [internal function]: Illuminate\\Foundation\\Application->Illuminate\\Foundation\\{closure}(Object(Illuminate\\Foundation\\Support\\Providers\\RouteServiceProvider), 'Illuminate\\\\Foun...')
#20 D:\\Integrasi Aplikasi Enterprise\\library-management\\backend-laravel\\vendor\\laravel\\framework\\src\\Illuminate\\Foundation\\Application.php(1131): array_walk(Array, Object(Closure))
#21 D:\\Integrasi Aplikasi Enterprise\\library-management\\backend-laravel\\vendor\\laravel\\framework\\src\\Illuminate\\Foundation\\Bootstrap\\BootProviders.php(17): Illuminate\\Foundation\\Application->boot()
#22 D:\\Integrasi Aplikasi Enterprise\\library-management\\backend-laravel\\vendor\\laravel\\framework\\src\\Illuminate\\Foundation\\Application.php(342): Illuminate\\Foundation\\Bootstrap\\BootProviders->bootstrap(Object(Illuminate\\Foundation\\Application))
#23 D:\\Integrasi Aplikasi Enterprise\\library-management\\backend-laravel\\vendor\\laravel\\framework\\src\\Illuminate\\Foundation\\Console\\Kernel.php(473): Illuminate\\Foundation\\Application->bootstrapWith(Array)
#24 D:\\Integrasi Aplikasi Enterprise\\library-management\\backend-laravel\\vendor\\laravel\\framework\\src\\Illuminate\\Foundation\\Console\\Kernel.php(195): Illuminate\\Foundation\\Console\\Kernel->bootstrap()
#25 Command line code(1): Illuminate\\Foundation\\Console\\Kernel->handle(Object(Symfony\\Component\\Console\\Input\\ArgvInput), Object(Symfony\\Component\\Console\\Output\\ConsoleOutput))
#26 {main}
"} 
[2025-11-18 21:47:27] local.ERROR: Unclosed '{' on line 7 {"exception":"[object] (ParseError(code: 0): Unclosed '{' on line 7 at D:\\Integrasi Aplikasi Enterprise\\library-management\\backend-laravel\\routes\\web.php:31)
[stacktrace]
#0 D:\\Integrasi Aplikasi Enterprise\\library-management\\backend-laravel\\vendor\\laravel\\framework\\src\\Illuminate\\Routing\\Router.php(526): Illuminate\\Routing\\RouteFileRegistrar->register('D:\\\\Integrasi Ap...')
#1 D:\\Integrasi Aplikasi Enterprise\\library-management\\backend-laravel\\vendor\\laravel\\framework\\src\\Illuminate\\Routing\\Router.php(480): Illuminate\\Routing\\Router->loadRoutes('D:\\\\Integrasi Ap...')
#2 D:\\Integrasi Aplikasi Enterprise\\library-management\\backend-laravel\\vendor\\laravel\\framework\\src\\Illuminate\\Routing\\RouteRegistrar.php(212): Illuminate\\Routing\\Router->group(Array, 'D:\\\\Integrasi Ap...')
#3 D:\\Integrasi Aplikasi Enterprise\\library-management\\backend-laravel\\vendor\\laravel\\framework\\src\\Illuminate\\Foundation\\Configuration\\ApplicationBuilder.php(248): Illuminate\\Routing\\RouteRegistrar->group('D:\\\\Integrasi Ap...')
#4 D:\\Integrasi Aplikasi Enterprise\\library-management\\backend-laravel\\vendor\\laravel\\framework\\src\\Illuminate\\Container\\BoundMethod.php(36): Illuminate\\Foundation\\Configuration\\ApplicationBuilder->Illuminate\\Foundation\\Configuration\\{closure}()
#5 D:\\Integrasi Aplikasi Enterprise\\library-management\\backend-laravel\\vendor\\laravel\\framework\\src\\Illuminate\\Container\\Util.php(43): Illuminate\\Container\\BoundMethod::Illuminate\\Container\\{closure}()
#6 D:\\Integrasi Aplikasi Enterprise\\library-management\\backend-laravel\\vendor\\laravel\\framework\\src\\Illuminate\\Container\\BoundMethod.php(84): Illuminate\\Container\\Util::unwrapIfClosure(Object(Closure))
#7 D:\\Integrasi Aplikasi Enterprise\\library-management\\backend-laravel\\vendor\\laravel\\framework\\src\\Illuminate\\Container\\BoundMethod.php(35): Illuminate\\Container\\BoundMethod::callBoundMethod(Object(Illuminate\\Foundation\\Application), Object(Closure), Object(Closure))
#8 D:\\Integrasi Aplikasi Enterprise\\library-management\\backend-laravel\\vendor\\laravel\\framework\\src\\Illuminate\\Container\\Container.php(836): Illuminate\\Container\\BoundMethod::call(Object(Illuminate\\Foundation\\Application), Object(Closure), Array, NULL)
#9 D:\\Integrasi Aplikasi Enterprise\\library-management\\backend-laravel\\vendor\\laravel\\framework\\src\\Illuminate\\Foundation\\Support\\Providers\\RouteServiceProvider.php(162): Illuminate\\Container\\Container->call(Object(Closure))
#10 D:\\Integrasi Aplikasi Enterprise\\library-management\\backend-laravel\\vendor\\laravel\\framework\\src\\Illuminate\\Foundation\\Support\\Providers\\RouteServiceProvider.php(59): Illuminate\\Foundation\\Support\\Providers\\RouteServiceProvider->loadRoutes()
#11 D:\\Integrasi Aplikasi Enterprise\\library-management\\backend-laravel\\vendor\\laravel\\framework\\src\\Illuminate\\Container\\BoundMethod.php(36): Illuminate\\Foundation\\Support\\Providers\\RouteServiceProvider->Illuminate\\Foundation\\Support\\Providers\\{closure}()
#12 D:\\Integrasi Aplikasi Enterprise\\library-management\\backend-laravel\\vendor\\laravel\\framework\\src\\Illuminate\\Container\\Util.php(43): Illuminate\\Container\\BoundMethod::Illuminate\\Container\\{closure}()
#13 D:\\Integrasi Aplikasi Enterprise\\library-management\\backend-laravel\\vendor\\laravel\\framework\\src\\Illuminate\\Container\\BoundMethod.php(84): Illuminate\\Container\\Util::unwrapIfClosure(Object(Closure))
#14 D:\\Integrasi Aplikasi Enterprise\\library-management\\backend-laravel\\vendor\\laravel\\framework\\src\\Illuminate\\Container\\BoundMethod.php(35): Illuminate\\Container\\BoundMethod::callBoundMethod(Object(Illuminate\\Foundation\\Application), Object(Closure), Object(Closure))
#15 D:\\Integrasi Aplikasi Enterprise\\library-management\\backend-laravel\\vendor\\laravel\\framework\\src\\Illuminate\\Container\\Container.php(836): Illuminate\\Container\\BoundMethod::call(Object(Illuminate\\Foundation\\Application), Object(Closure), Array, NULL)
#16 D:\\Integrasi Aplikasi Enterprise\\library-management\\backend-laravel\\vendor\\laravel\\framework\\src\\Illuminate\\Support\\ServiceProvider.php(143): Illuminate\\Container\\Container->call(Object(Closure))
#17 D:\\Integrasi Aplikasi Enterprise\\library-management\\backend-laravel\\vendor\\laravel\\framework\\src\\Illuminate\\Foundation\\Application.php(1154): Illuminate\\Support\\ServiceProvider->callBootedCallbacks()
#18 D:\\Integrasi Aplikasi Enterprise\\library-management\\backend-laravel\\vendor\\laravel\\framework\\src\\Illuminate\\Foundation\\Application.php(1132): Illuminate\\Foundation\\Application->bootProvider(Object(Illuminate\\Foundation\\Support\\Providers\\RouteServiceProvider))
#19 [internal function]: Illuminate\\Foundation\\Application->Illuminate\\Foundation\\{closure}(Object(Illuminate\\Foundation\\Support\\Providers\\RouteServiceProvider), 'Illuminate\\\\Foun...')
#20 D:\\Integrasi Aplikasi Enterprise\\library-management\\backend-laravel\\vendor\\laravel\\framework\\src\\Illuminate\\Foundation\\Application.php(1131): array_walk(Array, Object(Closure))
#21 D:\\Integrasi Aplikasi Enterprise\\library-management\\backend-laravel\\vendor\\laravel\\framework\\src\\Illuminate\\Foundation\\Bootstrap\\BootProviders.php(17): Illuminate\\Foundation\\Application->boot()
#22 D:\\Integrasi Aplikasi Enterprise\\library-management\\backend-laravel\\vendor\\laravel\\framework\\src\\Illuminate\\Foundation\\Application.php(342): Illuminate\\Foundation\\Bootstrap\\BootProviders->bootstrap(Object(Illuminate\\Foundation\\Application))
#23 D:\\Integrasi Aplikasi Enterprise\\library-management\\backend-laravel\\vendor\\laravel\\framework\\src\\Illuminate\\Foundation\\Console\\Kernel.php(473): Illuminate\\Foundation\\Application->bootstrapWith(Array)
#24 D:\\Integrasi Aplikasi Enterprise\\library-management\\backend-laravel\\vendor\\laravel\\framework\\src\\Illuminate\\Foundation\\Console\\Kernel.php(195): Illuminate\\Foundation\\Console\\Kernel->bootstrap()
#25 Command line code(1): Illuminate\\Foundation\\Console\\Kernel->handle(Object(Symfony\\Component\\Console\\Input\\ArgvInput), Object(Symfony\\Component\\Console\\Output\\ConsoleOutput))
#26 {main}
"} 
[2025-11-18 21:51:23] local.ERROR: rename(D:\Integrasi Aplikasi Enterprise\library-management\backend-laravel\bootstrap\cache\pacE832.tmp,D:\Integrasi Aplikasi Enterprise\library-management\backend-laravel\bootstrap\cache\packages.php): Access is denied (code: 5) {"exception":"[object] (ErrorException(code: 0): rename(D:\\Integrasi Aplikasi Enterprise\\library-management\\backend-laravel\\bootstrap\\cache\\pacE832.tmp,D:\\Integrasi Aplikasi Enterprise\\library-management\\backend-laravel\\bootstrap\\cache\\packages.php): Access is denied (code: 5) at D:\\Integrasi Aplikasi Enterprise\\library-management\\backend-laravel\\vendor\\laravel\\framework\\src\\Illuminate\\Filesystem\\Filesystem.php:233)
[stacktrace]
#0 D:\\Integrasi Aplikasi Enterprise\\library-management\\backend-laravel\\vendor\\laravel\\framework\\src\\Illuminate\\Foundation\\Bootstrap\\HandleExceptions.php(258): Illuminate\\Foundation\\Bootstrap\\HandleExceptions->handleError(2, 'rename(D:\\\\Integ...', 'D:\\\\Integrasi Ap...', 233)
#1 [internal function]: Illuminate\\Foundation\\Bootstrap\\HandleExceptions->Illuminate\\Foundation\\Bootstrap\\{closure}(2, 'rename(D:\\\\Integ...', 'D:\\\\Integrasi Ap...', 233)
#2 D:\\Integrasi Aplikasi Enterprise\\library-management\\backend-laravel\\vendor\\laravel\\framework\\src\\Illuminate\\Filesystem\\Filesystem.php(233): rename('D:\\\\Integrasi Ap...', 'D:\\\\Integrasi Ap...')
#3 D:\\Integrasi Aplikasi Enterprise\\library-management\\backend-laravel\\vendor\\laravel\\framework\\src\\Illuminate\\Foundation\\PackageManifest.php(182): Illuminate\\Filesystem\\Filesystem->replace('D:\\\\Integrasi Ap...', '<?php return ar...')
#4 D:\\Integrasi Aplikasi Enterprise\\library-management\\backend-laravel\\vendor\\laravel\\framework\\src\\Illuminate\\Foundation\\PackageManifest.php(132): Illuminate\\Foundation\\PackageManifest->write(Array)
#5 D:\\Integrasi Aplikasi Enterprise\\library-management\\backend-laravel\\vendor\\laravel\\framework\\src\\Illuminate\\Foundation\\PackageManifest.php(108): Illuminate\\Foundation\\PackageManifest->build()
#6 D:\\Integrasi Aplikasi Enterprise\\library-management\\backend-laravel\\vendor\\laravel\\framework\\src\\Illuminate\\Foundation\\PackageManifest.php(90): Illuminate\\Foundation\\PackageManifest->getManifest()
#7 D:\\Integrasi Aplikasi Enterprise\\library-management\\backend-laravel\\vendor\\laravel\\framework\\src\\Illuminate\\Foundation\\PackageManifest.php(79): Illuminate\\Foundation\\PackageManifest->config('aliases')
#8 D:\\Integrasi Aplikasi Enterprise\\library-management\\backend-laravel\\vendor\\laravel\\framework\\src\\Illuminate\\Foundation\\Bootstrap\\RegisterFacades.php(26): Illuminate\\Foundation\\PackageManifest->aliases()
#9 D:\\Integrasi Aplikasi Enterprise\\library-management\\backend-laravel\\vendor\\laravel\\framework\\src\\Illuminate\\Foundation\\Application.php(342): Illuminate\\Foundation\\Bootstrap\\RegisterFacades->bootstrap(Object(Illuminate\\Foundation\\Application))
#10 D:\\Integrasi Aplikasi Enterprise\\library-management\\backend-laravel\\vendor\\laravel\\framework\\src\\Illuminate\\Foundation\\Console\\Kernel.php(473): Illuminate\\Foundation\\Application->bootstrapWith(Array)
#11 D:\\Integrasi Aplikasi Enterprise\\library-management\\backend-laravel\\vendor\\laravel\\framework\\src\\Illuminate\\Foundation\\Console\\Kernel.php(195): Illuminate\\Foundation\\Console\\Kernel->bootstrap()
#12 Command line code(1): Illuminate\\Foundation\\Console\\Kernel->handle(Object(Symfony\\Component\\Console\\Input\\ArgvInput), Object(Symfony\\Component\\Console\\Output\\ConsoleOutput))
#13 {main}
"} 
[2025-11-18 21:51:52] local.INFO: Retrieved books successfully {"count":0} 
[2025-11-18 21:51:53] local.INFO: Retrieved books successfully {"count":0} 
[2025-11-18 21:52:01] local.INFO: Retrieved books successfully {"count":0} 
[2025-11-18 21:52:01] local.INFO: Retrieved books successfully {"count":0} 
[2025-11-18 21:53:31] local.INFO: Retrieved books successfully {"count":0} 
[2025-11-18 21:53:32] local.INFO: Retrieved books successfully {"count":0} 
[2025-11-18 21:53:41] local.INFO: Retrieved books successfully {"count":0} 
[2025-11-18 21:53:41] local.INFO: Retrieved books successfully {"count":0} 
[2025-11-18 21:53:46] local.INFO: Retrieved books successfully {"count":0} 
[2025-11-18 21:53:56] local.INFO: Retrieved books successfully {"count":0} 
[2025-11-18 21:53:56] local.INFO: Retrieved books successfully {"count":0} 
[2025-11-18 21:54:03] local.INFO: Retrieved books successfully {"count":0} 
[2025-11-18 21:54:51] local.INFO: Retrieved books successfully {"count":0} 
[2025-11-18 21:54:52] local.INFO: Retrieved books successfully {"count":0} 
[2025-11-18 21:57:10] local.INFO: Retrieved books successfully {"count":0} 
[2025-11-18 21:57:10] local.INFO: Retrieved books successfully {"count":0} 
[2025-11-18 21:57:16] local.INFO: Retrieved books successfully {"count":5} 
[2025-11-18 21:57:17] local.INFO: Retrieved books successfully {"count":5} 
[2025-11-18 21:57:40] local.INFO: Retrieved books successfully {"count":5} 
[2025-11-18 22:02:57] local.INFO: Retrieved books successfully {"count":5} 
[2025-11-18 22:02:57] local.INFO: Retrieved books successfully {"count":5} 
[2025-11-18 22:03:02] local.INFO: Retrieved books successfully {"count":5} 
[2025-11-18 22:03:03] local.INFO: Retrieved books successfully {"count":5} 
[2025-11-18 22:05:30] local.INFO: Retrieved books successfully {"count":5} 
[2025-11-18 22:05:31] local.INFO: Retrieved books successfully {"count":5} 
[2025-11-18 22:05:51] local.INFO: Retrieved books successfully {"count":5} 
[2025-11-18 22:05:52] local.INFO: Retrieved books successfully {"count":5} 
[2025-11-18 22:06:17] local.INFO: Retrieved books successfully {"count":5} 
[2025-11-18 22:06:17] local.INFO: Retrieved books successfully {"count":5} 
